执行日期：2018-04-08-15：03：21
alipay_callback--type2

执行日期：2018-04-08-15：05：27
alipay_callback--type2

执行日期：2018-04-08-15：05：37
alipay_callback--type2

执行日期：2018-04-08-15：07：11
alipay_callback--type2

执行日期：2018-04-08-15：10：21
alipay_callback--type2

执行日期：2018-04-08-15：14：22
alipay_callback--type2

执行日期：2018-04-08-15：15：12
alipay_callback--type2

执行日期：2018-04-08-15：21：43
alipay_callback--type2

执行日期：2018-04-08-15：23：27
alipay_callback--type2

执行日期：2018-04-08-15：24：53
alipay_callback--type1

执行日期：2018-04-08-15：25：44
alipay_callback--type1

执行日期：2018-04-08-15：26：15
alipay_callback--type2

执行日期：2018-04-08-15：27：37
alipay_callback--type2

执行日期：2018-04-08-15：27：51
alipay_callback--type1

执行日期：2018-04-08-15：28：25
alipay_callback--type1

执行日期：2018-04-08-15：29：46
alipay_callback--type1

执行日期：2018-04-08-15：31：26
alipay_callback--type1

执行日期：2018-04-08-15：38：07
alipay_callback--type1

执行日期：2018-04-08-15：39：35
alipay_callback--type1

执行日期：2018-04-08-15：41：40
alipay_callback--type1

执行日期：2018-04-08-15：48：44
alipay_callback--type1

执行日期：2018-04-08-15：49：37
alipay_callback--type1

执行日期：2018-04-08-15：51：04
alipay_callback--type1

执行日期：2018-04-08-16：00：17
alipay_callback--type2

执行日期：2018-04-08-16：05：12
alipay_callback--type2

执行日期：2018-04-08-16：10：18
alipay_callback--type2

执行日期：2018-04-08-16：15：01
alipay_callback--type2

执行日期：2018-04-08-16：17：16
alipay_callback--type2

执行日期：2018-04-08-16：26：39
alipay_callback--type2

执行日期：2018-04-08-16：47：04
alipay_callback--type2

执行日期：2018-04-08-16：48：44
alipay_callback--type1

执行日期：2018-04-08-16：49：37
alipay_callback--type1

执行日期：2018-04-08-16：51：20
alipay_callback--type1

执行日期：2018-04-08-16：58：25
alipay_callback--type2

执行日期：2018-04-08-17：07：17
alipay_callback--type2

执行日期：2018-04-08-17：14：42
alipay_callback--type2

执行日期：2018-04-08-17：21：04
alipay_callback--type2

执行日期：2018-04-08-17：23：46
alipay_callback--type2

执行日期：2018-04-08-17：26：31
alipay_callback--type2

执行日期：2018-04-08-17：27：22
alipay_callback--type2

执行日期：2018-04-08-18：05：49
alipay_callback--type2

执行日期：2018-04-08-18：10：18
alipay_callback--type2

执行日期：2018-04-08-18：15：26
alipay_callback--type2

执行日期：2018-04-08-18：48：26
alipay_callback--type1

执行日期：2018-04-08-18：49：05
alipay_callback--type1

执行日期：2018-04-08-18：51：42
alipay_callback--type1

执行日期：2018-04-08-21：03：18
alipay_callback--type2

执行日期：2018-04-08-22：00：19
alipay_callback--type2

执行日期：2018-04-08-22：17：23
alipay_callback--type2

执行日期：2018-04-08-22：26：38
alipay_callback--type2

执行日期：2018-04-08-22：47：45
alipay_callback--type2

执行日期：2018-04-08-22：58：21
alipay_callback--type2

执行日期：2018-04-08-23：07：27
alipay_callback--type2

执行日期：2018-04-08-23：14：31
alipay_callback--type2

执行日期：2018-04-08-23：21：18
alipay_callback--type2

执行日期：2018-04-08-23：23：30
alipay_callback--type2

执行日期：2018-04-08-23：26：10
alipay_callback--type2

执行日期：2018-04-08-23：27：01
alipay_callback--type2

执行日期：2018-04-09-00：05：49
alipay_callback--type2

执行日期：2018-04-09-00：10：42
alipay_callback--type2

执行日期：2018-04-09-00：15：35
alipay_callback--type2

执行日期：2018-04-09-00：48：33
alipay_callback--type1

执行日期：2018-04-09-00：49：48
alipay_callback--type1

执行日期：2018-04-09-00：51：16
alipay_callback--type1

执行日期：2018-04-09-09：39：15
alipay_callback--type2

执行日期：2018-04-09-09：40：11
alipay_callback--type2

执行日期：2018-04-09-09：43：36
alipay_callback--type2

执行日期：2018-04-09-09：44：22
alipay_callback--type2

执行日期：2018-04-09-09：53：49
alipay_callback--type2

执行日期：2018-04-09-09：54：02
alipay_callback--type2

执行日期：2018-04-09-10：03：04
alipay_callback--type2

执行日期：2018-04-09-10：04：40
alipay_callback--type2

执行日期：2018-04-09-11：03：33
alipay_callback--type2

执行日期：2018-04-09-11：04：01
alipay_callback--type2

执行日期：2018-04-09-12：03：11
alipay_callback--type2

执行日期：2018-04-09-13：00：04
alipay_callback--type2

执行日期：2018-04-09-13：03：18
alipay_callback--type2

执行日期：2018-04-09-13：04：17
alipay_callback--type2

执行日期：2018-04-09-13：17：17
alipay_callback--type2

执行日期：2018-04-09-13：26：10
alipay_callback--type2

执行日期：2018-04-09-13：43：59
alipay_callback--type1

执行日期：2018-04-09-13：45：55
alipay_callback--type1

执行日期：2018-04-09-13：46：51
alipay_callback--type1

执行日期：2018-04-09-13：47：25
【支付成功】:
<xml><appid><![CDATA[wxa1cc8f61c8be12bd]]></appid>
<bank_type><![CDATA[CFT]]></bank_type>
<cash_fee><![CDATA[1]]></cash_fee>
<fee_type><![CDATA[CNY]]></fee_type>
<is_subscribe><![CDATA[N]]></is_subscribe>
<mch_id><![CDATA[1421370402]]></mch_id>
<nonce_str><![CDATA[4mxgqsilkv922f5kixtemsz28j37zgk7]]></nonce_str>
<openid><![CDATA[ojM_VwwpqE829ukOz5dddN6ATezo]]></openid>
<out_trade_no><![CDATA[MO2018040913470927056]]></out_trade_no>
<result_code><![CDATA[SUCCESS]]></result_code>
<return_code><![CDATA[SUCCESS]]></return_code>
<sign><![CDATA[AD7CBC48F9B631AE199FDDBE577A5879]]></sign>
<time_end><![CDATA[20180409134725]]></time_end>
<total_fee>1</total_fee>
<trade_type><![CDATA[APP]]></trade_type>
<transaction_id><![CDATA[4200000063201804095256442049]]></transaction_id>
</xml>


执行日期：2018-04-09-13：47：40
【支付成功】:
<xml><appid><![CDATA[wxa1cc8f61c8be12bd]]></appid>
<bank_type><![CDATA[CFT]]></bank_type>
<cash_fee><![CDATA[1]]></cash_fee>
<fee_type><![CDATA[CNY]]></fee_type>
<is_subscribe><![CDATA[N]]></is_subscribe>
<mch_id><![CDATA[1421370402]]></mch_id>
<nonce_str><![CDATA[4mxgqsilkv922f5kixtemsz28j37zgk7]]></nonce_str>
<openid><![CDATA[ojM_VwwpqE829ukOz5dddN6ATezo]]></openid>
<out_trade_no><![CDATA[MO2018040913470927056]]></out_trade_no>
<result_code><![CDATA[SUCCESS]]></result_code>
<return_code><![CDATA[SUCCESS]]></return_code>
<sign><![CDATA[AD7CBC48F9B631AE199FDDBE577A5879]]></sign>
<time_end><![CDATA[20180409134725]]></time_end>
<total_fee>1</total_fee>
<trade_type><![CDATA[APP]]></trade_type>
<transaction_id><![CDATA[4200000063201804095256442049]]></transaction_id>
</xml>


执行日期：2018-04-09-13：47：45
alipay_callback--type1

执行日期：2018-04-09-13：47：50
alipay_callback--type2

执行日期：2018-04-09-13：47：58
【支付成功】:
<xml><appid><![CDATA[wxa1cc8f61c8be12bd]]></appid>
<bank_type><![CDATA[CFT]]></bank_type>
<cash_fee><![CDATA[1]]></cash_fee>
<fee_type><![CDATA[CNY]]></fee_type>
<is_subscribe><![CDATA[N]]></is_subscribe>
<mch_id><![CDATA[1421370402]]></mch_id>
<nonce_str><![CDATA[4mxgqsilkv922f5kixtemsz28j37zgk7]]></nonce_str>
<openid><![CDATA[ojM_VwwpqE829ukOz5dddN6ATezo]]></openid>
<out_trade_no><![CDATA[MO2018040913470927056]]></out_trade_no>
<result_code><![CDATA[SUCCESS]]></result_code>
<return_code><![CDATA[SUCCESS]]></return_code>
<sign><![CDATA[AD7CBC48F9B631AE199FDDBE577A5879]]></sign>
<time_end><![CDATA[20180409134725]]></time_end>
<total_fee>1</total_fee>
<trade_type><![CDATA[APP]]></trade_type>
<transaction_id><![CDATA[4200000063201804095256442049]]></transaction_id>
</xml>


执行日期：2018-04-09-13：48：29
【支付成功】:
<xml><appid><![CDATA[wxa1cc8f61c8be12bd]]></appid>
<bank_type><![CDATA[CFT]]></bank_type>
<cash_fee><![CDATA[1]]></cash_fee>
<fee_type><![CDATA[CNY]]></fee_type>
<is_subscribe><![CDATA[N]]></is_subscribe>
<mch_id><![CDATA[1421370402]]></mch_id>
<nonce_str><![CDATA[4mxgqsilkv922f5kixtemsz28j37zgk7]]></nonce_str>
<openid><![CDATA[ojM_VwwpqE829ukOz5dddN6ATezo]]></openid>
<out_trade_no><![CDATA[MO2018040913470927056]]></out_trade_no>
<result_code><![CDATA[SUCCESS]]></result_code>
<return_code><![CDATA[SUCCESS]]></return_code>
<sign><![CDATA[AD7CBC48F9B631AE199FDDBE577A5879]]></sign>
<time_end><![CDATA[20180409134725]]></time_end>
<total_fee>1</total_fee>
<trade_type><![CDATA[APP]]></trade_type>
<transaction_id><![CDATA[4200000063201804095256442049]]></transaction_id>
</xml>


执行日期：2018-04-09-13：48：46
【支付成功】:
<xml><appid><![CDATA[wxa1cc8f61c8be12bd]]></appid>
<bank_type><![CDATA[CFT]]></bank_type>
<cash_fee><![CDATA[1]]></cash_fee>
<fee_type><![CDATA[CNY]]></fee_type>
<is_subscribe><![CDATA[N]]></is_subscribe>
<mch_id><![CDATA[1421370402]]></mch_id>
<nonce_str><![CDATA[tzg44acue3s4fi8163gtb9kgm8e5lvo1]]></nonce_str>
<openid><![CDATA[ojM_VwwpqE829ukOz5dddN6ATezo]]></openid>
<out_trade_no><![CDATA[MO2018040913483943206]]></out_trade_no>
<result_code><![CDATA[SUCCESS]]></result_code>
<return_code><![CDATA[SUCCESS]]></return_code>
<sign><![CDATA[278C334D83336C40F29B57A2F3530623]]></sign>
<time_end><![CDATA[20180409134846]]></time_end>
<total_fee>1</total_fee>
<trade_type><![CDATA[APP]]></trade_type>
<transaction_id><![CDATA[4200000055201804095233503033]]></transaction_id>
</xml>


执行日期：2018-04-09-13：49：02
【支付成功】:
<xml><appid><![CDATA[wxa1cc8f61c8be12bd]]></appid>
<bank_type><![CDATA[CFT]]></bank_type>
<cash_fee><![CDATA[1]]></cash_fee>
<fee_type><![CDATA[CNY]]></fee_type>
<is_subscribe><![CDATA[N]]></is_subscribe>
<mch_id><![CDATA[1421370402]]></mch_id>
<nonce_str><![CDATA[tzg44acue3s4fi8163gtb9kgm8e5lvo1]]></nonce_str>
<openid><![CDATA[ojM_VwwpqE829ukOz5dddN6ATezo]]></openid>
<out_trade_no><![CDATA[MO2018040913483943206]]></out_trade_no>
<result_code><![CDATA[SUCCESS]]></result_code>
<return_code><![CDATA[SUCCESS]]></return_code>
<sign><![CDATA[278C334D83336C40F29B57A2F3530623]]></sign>
<time_end><![CDATA[20180409134846]]></time_end>
<total_fee>1</total_fee>
<trade_type><![CDATA[APP]]></trade_type>
<transaction_id><![CDATA[4200000055201804095233503033]]></transaction_id>
</xml>


执行日期：2018-04-09-13：49：06
【支付成功】:
<xml><appid><![CDATA[wxa1cc8f61c8be12bd]]></appid>
<bank_type><![CDATA[CFT]]></bank_type>
<cash_fee><![CDATA[1]]></cash_fee>
<fee_type><![CDATA[CNY]]></fee_type>
<is_subscribe><![CDATA[N]]></is_subscribe>
<mch_id><![CDATA[1421370402]]></mch_id>
<nonce_str><![CDATA[nkb0c6mf9ug1suvcn4j91gw77okq3bls]]></nonce_str>
<openid><![CDATA[ojM_VwwpqE829ukOz5dddN6ATezo]]></openid>
<out_trade_no><![CDATA[CH2018040913490148282]]></out_trade_no>
<result_code><![CDATA[SUCCESS]]></result_code>
<return_code><![CDATA[SUCCESS]]></return_code>
<sign><![CDATA[5AAAD80FE5146C3D24A6B380AACF8436]]></sign>
<time_end><![CDATA[20180409134906]]></time_end>
<total_fee>1</total_fee>
<trade_type><![CDATA[APP]]></trade_type>
<transaction_id><![CDATA[4200000079201804095222067424]]></transaction_id>
</xml>


执行日期：2018-04-09-13：49：06
alipay_callback--type1

执行日期：2018-04-09-13：49：16
【支付成功】:
<xml><appid><![CDATA[wxa1cc8f61c8be12bd]]></appid>
<bank_type><![CDATA[CFT]]></bank_type>
<cash_fee><![CDATA[1]]></cash_fee>
<fee_type><![CDATA[CNY]]></fee_type>
<is_subscribe><![CDATA[N]]></is_subscribe>
<mch_id><![CDATA[1421370402]]></mch_id>
<nonce_str><![CDATA[nkb0c6mf9ug1suvcn4j91gw77okq3bls]]></nonce_str>
<openid><![CDATA[ojM_VwwpqE829ukOz5dddN6ATezo]]></openid>
<out_trade_no><![CDATA[CH2018040913490148282]]></out_trade_no>
<result_code><![CDATA[SUCCESS]]></result_code>
<return_code><![CDATA[SUCCESS]]></return_code>
<sign><![CDATA[5AAAD80FE5146C3D24A6B380AACF8436]]></sign>
<time_end><![CDATA[20180409134906]]></time_end>
<total_fee>1</total_fee>
<trade_type><![CDATA[APP]]></trade_type>
<transaction_id><![CDATA[4200000079201804095222067424]]></transaction_id>
</xml>


执行日期：2018-04-09-13：49：18
【支付成功】:
<xml><appid><![CDATA[wxa1cc8f61c8be12bd]]></appid>
<bank_type><![CDATA[CFT]]></bank_type>
<cash_fee><![CDATA[1]]></cash_fee>
<fee_type><![CDATA[CNY]]></fee_type>
<is_subscribe><![CDATA[N]]></is_subscribe>
<mch_id><![CDATA[1421370402]]></mch_id>
<nonce_str><![CDATA[tzg44acue3s4fi8163gtb9kgm8e5lvo1]]></nonce_str>
<openid><![CDATA[ojM_VwwpqE829ukOz5dddN6ATezo]]></openid>
<out_trade_no><![CDATA[MO2018040913483943206]]></out_trade_no>
<result_code><![CDATA[SUCCESS]]></result_code>
<return_code><![CDATA[SUCCESS]]></return_code>
<sign><![CDATA[278C334D83336C40F29B57A2F3530623]]></sign>
<time_end><![CDATA[20180409134846]]></time_end>
<total_fee>1</total_fee>
<trade_type><![CDATA[APP]]></trade_type>
<transaction_id><![CDATA[4200000055201804095233503033]]></transaction_id>
</xml>


执行日期：2018-04-09-13：49：33
【支付成功】:
<xml><appid><![CDATA[wxa1cc8f61c8be12bd]]></appid>
<bank_type><![CDATA[CFT]]></bank_type>
<cash_fee><![CDATA[1]]></cash_fee>
<fee_type><![CDATA[CNY]]></fee_type>
<is_subscribe><![CDATA[N]]></is_subscribe>
<mch_id><![CDATA[1421370402]]></mch_id>
<nonce_str><![CDATA[nkb0c6mf9ug1suvcn4j91gw77okq3bls]]></nonce_str>
<openid><![CDATA[ojM_VwwpqE829ukOz5dddN6ATezo]]></openid>
<out_trade_no><![CDATA[CH2018040913490148282]]></out_trade_no>
<result_code><![CDATA[SUCCESS]]></result_code>
<return_code><![CDATA[SUCCESS]]></return_code>
<sign><![CDATA[5AAAD80FE5146C3D24A6B380AACF8436]]></sign>
<time_end><![CDATA[20180409134906]]></time_end>
<total_fee>1</total_fee>
<trade_type><![CDATA[APP]]></trade_type>
<transaction_id><![CDATA[4200000079201804095222067424]]></transaction_id>
</xml>


执行日期：2018-04-09-13：49：50
【支付成功】:
<xml><appid><![CDATA[wxa1cc8f61c8be12bd]]></appid>
<bank_type><![CDATA[CFT]]></bank_type>
<cash_fee><![CDATA[1]]></cash_fee>
<fee_type><![CDATA[CNY]]></fee_type>
<is_subscribe><![CDATA[N]]></is_subscribe>
<mch_id><![CDATA[1421370402]]></mch_id>
<nonce_str><![CDATA[tzg44acue3s4fi8163gtb9kgm8e5lvo1]]></nonce_str>
<openid><![CDATA[ojM_VwwpqE829ukOz5dddN6ATezo]]></openid>
<out_trade_no><![CDATA[MO2018040913483943206]]></out_trade_no>
<result_code><![CDATA[SUCCESS]]></result_code>
<return_code><![CDATA[SUCCESS]]></return_code>
<sign><![CDATA[278C334D83336C40F29B57A2F3530623]]></sign>
<time_end><![CDATA[20180409134846]]></time_end>
<total_fee>1</total_fee>
<trade_type><![CDATA[APP]]></trade_type>
<transaction_id><![CDATA[4200000055201804095233503033]]></transaction_id>
</xml>


执行日期：2018-04-09-13：50：04
【支付成功】:
<xml><appid><![CDATA[wxa1cc8f61c8be12bd]]></appid>
<bank_type><![CDATA[CFT]]></bank_type>
<cash_fee><![CDATA[1]]></cash_fee>
<fee_type><![CDATA[CNY]]></fee_type>
<is_subscribe><![CDATA[N]]></is_subscribe>
<mch_id><![CDATA[1421370402]]></mch_id>
<nonce_str><![CDATA[nkb0c6mf9ug1suvcn4j91gw77okq3bls]]></nonce_str>
<openid><![CDATA[ojM_VwwpqE829ukOz5dddN6ATezo]]></openid>
<out_trade_no><![CDATA[CH2018040913490148282]]></out_trade_no>
<result_code><![CDATA[SUCCESS]]></result_code>
<return_code><![CDATA[SUCCESS]]></return_code>
<sign><![CDATA[5AAAD80FE5146C3D24A6B380AACF8436]]></sign>
<time_end><![CDATA[20180409134906]]></time_end>
<total_fee>1</total_fee>
<trade_type><![CDATA[APP]]></trade_type>
<transaction_id><![CDATA[4200000079201804095222067424]]></transaction_id>
</xml>


执行日期：2018-04-09-13：50：31
alipay_callback--type1

执行日期：2018-04-09-13：51：32
【支付成功】:
<xml><appid><![CDATA[wxa1cc8f61c8be12bd]]></appid>
<bank_type><![CDATA[CFT]]></bank_type>
<cash_fee><![CDATA[1]]></cash_fee>
<fee_type><![CDATA[CNY]]></fee_type>
<is_subscribe><![CDATA[N]]></is_subscribe>
<mch_id><![CDATA[1421370402]]></mch_id>
<nonce_str><![CDATA[4mxgqsilkv922f5kixtemsz28j37zgk7]]></nonce_str>
<openid><![CDATA[ojM_VwwpqE829ukOz5dddN6ATezo]]></openid>
<out_trade_no><![CDATA[MO2018040913470927056]]></out_trade_no>
<result_code><![CDATA[SUCCESS]]></result_code>
<return_code><![CDATA[SUCCESS]]></return_code>
<sign><![CDATA[AD7CBC48F9B631AE199FDDBE577A5879]]></sign>
<time_end><![CDATA[20180409134725]]></time_end>
<total_fee>1</total_fee>
<trade_type><![CDATA[APP]]></trade_type>
<transaction_id><![CDATA[4200000063201804095256442049]]></transaction_id>
</xml>


执行日期：2018-04-09-13：52：53
【支付成功】:
<xml><appid><![CDATA[wxa1cc8f61c8be12bd]]></appid>
<bank_type><![CDATA[CFT]]></bank_type>
<cash_fee><![CDATA[1]]></cash_fee>
<fee_type><![CDATA[CNY]]></fee_type>
<is_subscribe><![CDATA[N]]></is_subscribe>
<mch_id><![CDATA[1421370402]]></mch_id>
<nonce_str><![CDATA[tzg44acue3s4fi8163gtb9kgm8e5lvo1]]></nonce_str>
<openid><![CDATA[ojM_VwwpqE829ukOz5dddN6ATezo]]></openid>
<out_trade_no><![CDATA[MO2018040913483943206]]></out_trade_no>
<result_code><![CDATA[SUCCESS]]></result_code>
<return_code><![CDATA[SUCCESS]]></return_code>
<sign><![CDATA[278C334D83336C40F29B57A2F3530623]]></sign>
<time_end><![CDATA[20180409134846]]></time_end>
<total_fee>1</total_fee>
<trade_type><![CDATA[APP]]></trade_type>
<transaction_id><![CDATA[4200000055201804095233503033]]></transaction_id>
</xml>


执行日期：2018-04-09-13：53：05
【支付成功】:
<xml><appid><![CDATA[wxa1cc8f61c8be12bd]]></appid>
<bank_type><![CDATA[CFT]]></bank_type>
<cash_fee><![CDATA[1]]></cash_fee>
<fee_type><![CDATA[CNY]]></fee_type>
<is_subscribe><![CDATA[N]]></is_subscribe>
<mch_id><![CDATA[1421370402]]></mch_id>
<nonce_str><![CDATA[nkb0c6mf9ug1suvcn4j91gw77okq3bls]]></nonce_str>
<openid><![CDATA[ojM_VwwpqE829ukOz5dddN6ATezo]]></openid>
<out_trade_no><![CDATA[CH2018040913490148282]]></out_trade_no>
<result_code><![CDATA[SUCCESS]]></result_code>
<return_code><![CDATA[SUCCESS]]></return_code>
<sign><![CDATA[5AAAD80FE5146C3D24A6B380AACF8436]]></sign>
<time_end><![CDATA[20180409134906]]></time_end>
<total_fee>1</total_fee>
<trade_type><![CDATA[APP]]></trade_type>
<transaction_id><![CDATA[4200000079201804095222067424]]></transaction_id>
</xml>


执行日期：2018-04-09-13：54：33
alipay_callback--type3

执行日期：2018-04-09-13：55：20
【支付成功】:
<xml><appid><![CDATA[wxa1cc8f61c8be12bd]]></appid>
<bank_type><![CDATA[CFT]]></bank_type>
<cash_fee><![CDATA[1]]></cash_fee>
<fee_type><![CDATA[CNY]]></fee_type>
<is_subscribe><![CDATA[N]]></is_subscribe>
<mch_id><![CDATA[1421370402]]></mch_id>
<nonce_str><![CDATA[07sn162y783cxe9j5csryenm4n3q9hhz]]></nonce_str>
<openid><![CDATA[ojM_VwwpqE829ukOz5dddN6ATezo]]></openid>
<out_trade_no><![CDATA[EN2018040913551187232]]></out_trade_no>
<result_code><![CDATA[SUCCESS]]></result_code>
<return_code><![CDATA[SUCCESS]]></return_code>
<sign><![CDATA[719FAAEB1C8D6A780A7665DE7C99830F]]></sign>
<time_end><![CDATA[20180409135520]]></time_end>
<total_fee>1</total_fee>
<trade_type><![CDATA[APP]]></trade_type>
<transaction_id><![CDATA[4200000060201804095196681202]]></transaction_id>
</xml>


执行日期：2018-04-09-13：55：31
【支付成功】:
<xml><appid><![CDATA[wxa1cc8f61c8be12bd]]></appid>
<bank_type><![CDATA[CFT]]></bank_type>
<cash_fee><![CDATA[1]]></cash_fee>
<fee_type><![CDATA[CNY]]></fee_type>
<is_subscribe><![CDATA[N]]></is_subscribe>
<mch_id><![CDATA[1421370402]]></mch_id>
<nonce_str><![CDATA[07sn162y783cxe9j5csryenm4n3q9hhz]]></nonce_str>
<openid><![CDATA[ojM_VwwpqE829ukOz5dddN6ATezo]]></openid>
<out_trade_no><![CDATA[EN2018040913551187232]]></out_trade_no>
<result_code><![CDATA[SUCCESS]]></result_code>
<return_code><![CDATA[SUCCESS]]></return_code>
<sign><![CDATA[719FAAEB1C8D6A780A7665DE7C99830F]]></sign>
<time_end><![CDATA[20180409135520]]></time_end>
<total_fee>1</total_fee>
<trade_type><![CDATA[APP]]></trade_type>
<transaction_id><![CDATA[4200000060201804095196681202]]></transaction_id>
</xml>


执行日期：2018-04-09-13：55：47
【支付成功】:
<xml><appid><![CDATA[wxa1cc8f61c8be12bd]]></appid>
<bank_type><![CDATA[CFT]]></bank_type>
<cash_fee><![CDATA[1]]></cash_fee>
<fee_type><![CDATA[CNY]]></fee_type>
<is_subscribe><![CDATA[N]]></is_subscribe>
<mch_id><![CDATA[1421370402]]></mch_id>
<nonce_str><![CDATA[07sn162y783cxe9j5csryenm4n3q9hhz]]></nonce_str>
<openid><![CDATA[ojM_VwwpqE829ukOz5dddN6ATezo]]></openid>
<out_trade_no><![CDATA[EN2018040913551187232]]></out_trade_no>
<result_code><![CDATA[SUCCESS]]></result_code>
<return_code><![CDATA[SUCCESS]]></return_code>
<sign><![CDATA[719FAAEB1C8D6A780A7665DE7C99830F]]></sign>
<time_end><![CDATA[20180409135520]]></time_end>
<total_fee>1</total_fee>
<trade_type><![CDATA[APP]]></trade_type>
<transaction_id><![CDATA[4200000060201804095196681202]]></transaction_id>
</xml>


执行日期：2018-04-09-13：56：19
【支付成功】:
<xml><appid><![CDATA[wxa1cc8f61c8be12bd]]></appid>
<bank_type><![CDATA[CFT]]></bank_type>
<cash_fee><![CDATA[1]]></cash_fee>
<fee_type><![CDATA[CNY]]></fee_type>
<is_subscribe><![CDATA[N]]></is_subscribe>
<mch_id><![CDATA[1421370402]]></mch_id>
<nonce_str><![CDATA[07sn162y783cxe9j5csryenm4n3q9hhz]]></nonce_str>
<openid><![CDATA[ojM_VwwpqE829ukOz5dddN6ATezo]]></openid>
<out_trade_no><![CDATA[EN2018040913551187232]]></out_trade_no>
<result_code><![CDATA[SUCCESS]]></result_code>
<return_code><![CDATA[SUCCESS]]></return_code>
<sign><![CDATA[719FAAEB1C8D6A780A7665DE7C99830F]]></sign>
<time_end><![CDATA[20180409135520]]></time_end>
<total_fee>1</total_fee>
<trade_type><![CDATA[APP]]></trade_type>
<transaction_id><![CDATA[4200000060201804095196681202]]></transaction_id>
</xml>


执行日期：2018-04-09-13：57：49
alipay_callback--type1

执行日期：2018-04-09-13：58：15
alipay_callback--type2

执行日期：2018-04-09-13：58：30
alipay_callback--type3

执行日期：2018-04-09-13：59：21
【支付成功】:
<xml><appid><![CDATA[wxa1cc8f61c8be12bd]]></appid>
<bank_type><![CDATA[CFT]]></bank_type>
<cash_fee><![CDATA[1]]></cash_fee>
<fee_type><![CDATA[CNY]]></fee_type>
<is_subscribe><![CDATA[N]]></is_subscribe>
<mch_id><![CDATA[1421370402]]></mch_id>
<nonce_str><![CDATA[07sn162y783cxe9j5csryenm4n3q9hhz]]></nonce_str>
<openid><![CDATA[ojM_VwwpqE829ukOz5dddN6ATezo]]></openid>
<out_trade_no><![CDATA[EN2018040913551187232]]></out_trade_no>
<result_code><![CDATA[SUCCESS]]></result_code>
<return_code><![CDATA[SUCCESS]]></return_code>
<sign><![CDATA[719FAAEB1C8D6A780A7665DE7C99830F]]></sign>
<time_end><![CDATA[20180409135520]]></time_end>
<total_fee>1</total_fee>
<trade_type><![CDATA[APP]]></trade_type>
<transaction_id><![CDATA[4200000060201804095196681202]]></transaction_id>
</xml>


执行日期：2018-04-09-13：59：27
alipay_callback--type1

执行日期：2018-04-09-14：00：21
alipay_callback--type1

执行日期：2018-04-09-14：07：26
alipay_callback--type1

执行日期：2018-04-09-14：07：41
alipay_callback--type2

执行日期：2018-04-09-14：08：37
alipay_callback--type3

执行日期：2018-04-09-14：09：21
alipay_callback--type1

执行日期：2018-04-09-14：10：04
alipay_callback--type1

执行日期：2018-04-09-14：14：47
alipay_callback--type2

执行日期：2018-04-09-14：18：28
alipay_callback--type3

执行日期：2018-04-09-14：21：33
【支付成功】:
<xml><appid><![CDATA[wxa1cc8f61c8be12bd]]></appid>
<bank_type><![CDATA[CFT]]></bank_type>
<cash_fee><![CDATA[1]]></cash_fee>
<fee_type><![CDATA[CNY]]></fee_type>
<is_subscribe><![CDATA[N]]></is_subscribe>
<mch_id><![CDATA[1421370402]]></mch_id>
<nonce_str><![CDATA[4mxgqsilkv922f5kixtemsz28j37zgk7]]></nonce_str>
<openid><![CDATA[ojM_VwwpqE829ukOz5dddN6ATezo]]></openid>
<out_trade_no><![CDATA[MO2018040913470927056]]></out_trade_no>
<result_code><![CDATA[SUCCESS]]></result_code>
<return_code><![CDATA[SUCCESS]]></return_code>
<sign><![CDATA[AD7CBC48F9B631AE199FDDBE577A5879]]></sign>
<time_end><![CDATA[20180409134725]]></time_end>
<total_fee>1</total_fee>
<trade_type><![CDATA[APP]]></trade_type>
<transaction_id><![CDATA[4200000063201804095256442049]]></transaction_id>
</xml>


执行日期：2018-04-09-14：21：40
alipay_callback--type2

执行日期：2018-04-09-14：22：55
【支付成功】:
<xml><appid><![CDATA[wxa1cc8f61c8be12bd]]></appid>
<bank_type><![CDATA[CFT]]></bank_type>
<cash_fee><![CDATA[1]]></cash_fee>
<fee_type><![CDATA[CNY]]></fee_type>
<is_subscribe><![CDATA[N]]></is_subscribe>
<mch_id><![CDATA[1421370402]]></mch_id>
<nonce_str><![CDATA[tzg44acue3s4fi8163gtb9kgm8e5lvo1]]></nonce_str>
<openid><![CDATA[ojM_VwwpqE829ukOz5dddN6ATezo]]></openid>
<out_trade_no><![CDATA[MO2018040913483943206]]></out_trade_no>
<result_code><![CDATA[SUCCESS]]></result_code>
<return_code><![CDATA[SUCCESS]]></return_code>
<sign><![CDATA[278C334D83336C40F29B57A2F3530623]]></sign>
<time_end><![CDATA[20180409134846]]></time_end>
<total_fee>1</total_fee>
<trade_type><![CDATA[APP]]></trade_type>
<transaction_id><![CDATA[4200000055201804095233503033]]></transaction_id>
</xml>


执行日期：2018-04-09-14：23：07
【支付成功】:
<xml><appid><![CDATA[wxa1cc8f61c8be12bd]]></appid>
<bank_type><![CDATA[CFT]]></bank_type>
<cash_fee><![CDATA[1]]></cash_fee>
<fee_type><![CDATA[CNY]]></fee_type>
<is_subscribe><![CDATA[N]]></is_subscribe>
<mch_id><![CDATA[1421370402]]></mch_id>
<nonce_str><![CDATA[nkb0c6mf9ug1suvcn4j91gw77okq3bls]]></nonce_str>
<openid><![CDATA[ojM_VwwpqE829ukOz5dddN6ATezo]]></openid>
<out_trade_no><![CDATA[CH2018040913490148282]]></out_trade_no>
<result_code><![CDATA[SUCCESS]]></result_code>
<return_code><![CDATA[SUCCESS]]></return_code>
<sign><![CDATA[5AAAD80FE5146C3D24A6B380AACF8436]]></sign>
<time_end><![CDATA[20180409134906]]></time_end>
<total_fee>1</total_fee>
<trade_type><![CDATA[APP]]></trade_type>
<transaction_id><![CDATA[4200000079201804095222067424]]></transaction_id>
</xml>


执行日期：2018-04-09-14：23：27
alipay_callback--type2

执行日期：2018-04-09-14：26：44
alipay_callback--type2

执行日期：2018-04-09-14：27：07
alipay_callback--type2

执行日期：2018-04-09-14：29：22
【支付成功】:
<xml><appid><![CDATA[wxa1cc8f61c8be12bd]]></appid>
<bank_type><![CDATA[CFT]]></bank_type>
<cash_fee><![CDATA[1]]></cash_fee>
<fee_type><![CDATA[CNY]]></fee_type>
<is_subscribe><![CDATA[N]]></is_subscribe>
<mch_id><![CDATA[1421370402]]></mch_id>
<nonce_str><![CDATA[07sn162y783cxe9j5csryenm4n3q9hhz]]></nonce_str>
<openid><![CDATA[ojM_VwwpqE829ukOz5dddN6ATezo]]></openid>
<out_trade_no><![CDATA[EN2018040913551187232]]></out_trade_no>
<result_code><![CDATA[SUCCESS]]></result_code>
<return_code><![CDATA[SUCCESS]]></return_code>
<sign><![CDATA[719FAAEB1C8D6A780A7665DE7C99830F]]></sign>
<time_end><![CDATA[20180409135520]]></time_end>
<total_fee>1</total_fee>
<trade_type><![CDATA[APP]]></trade_type>
<transaction_id><![CDATA[4200000060201804095196681202]]></transaction_id>
</xml>


执行日期：2018-04-09-14：51：37
【支付成功】:
<xml><appid><![CDATA[wxa1cc8f61c8be12bd]]></appid>
<bank_type><![CDATA[CFT]]></bank_type>
<cash_fee><![CDATA[1]]></cash_fee>
<fee_type><![CDATA[CNY]]></fee_type>
<is_subscribe><![CDATA[N]]></is_subscribe>
<mch_id><![CDATA[1421370402]]></mch_id>
<nonce_str><![CDATA[4mxgqsilkv922f5kixtemsz28j37zgk7]]></nonce_str>
<openid><![CDATA[ojM_VwwpqE829ukOz5dddN6ATezo]]></openid>
<out_trade_no><![CDATA[MO2018040913470927056]]></out_trade_no>
<result_code><![CDATA[SUCCESS]]></result_code>
<return_code><![CDATA[SUCCESS]]></return_code>
<sign><![CDATA[AD7CBC48F9B631AE199FDDBE577A5879]]></sign>
<time_end><![CDATA[20180409134725]]></time_end>
<total_fee>1</total_fee>
<trade_type><![CDATA[APP]]></trade_type>
<transaction_id><![CDATA[4200000063201804095256442049]]></transaction_id>
</xml>


执行日期：2018-04-09-14：52：58
【支付成功】:
<xml><appid><![CDATA[wxa1cc8f61c8be12bd]]></appid>
<bank_type><![CDATA[CFT]]></bank_type>
<cash_fee><![CDATA[1]]></cash_fee>
<fee_type><![CDATA[CNY]]></fee_type>
<is_subscribe><![CDATA[N]]></is_subscribe>
<mch_id><![CDATA[1421370402]]></mch_id>
<nonce_str><![CDATA[tzg44acue3s4fi8163gtb9kgm8e5lvo1]]></nonce_str>
<openid><![CDATA[ojM_VwwpqE829ukOz5dddN6ATezo]]></openid>
<out_trade_no><![CDATA[MO2018040913483943206]]></out_trade_no>
<result_code><![CDATA[SUCCESS]]></result_code>
<return_code><![CDATA[SUCCESS]]></return_code>
<sign><![CDATA[278C334D83336C40F29B57A2F3530623]]></sign>
<time_end><![CDATA[20180409134846]]></time_end>
<total_fee>1</total_fee>
<trade_type><![CDATA[APP]]></trade_type>
<transaction_id><![CDATA[4200000055201804095233503033]]></transaction_id>
</xml>


执行日期：2018-04-09-14：53：10
【支付成功】:
<xml><appid><![CDATA[wxa1cc8f61c8be12bd]]></appid>
<bank_type><![CDATA[CFT]]></bank_type>
<cash_fee><![CDATA[1]]></cash_fee>
<fee_type><![CDATA[CNY]]></fee_type>
<is_subscribe><![CDATA[N]]></is_subscribe>
<mch_id><![CDATA[1421370402]]></mch_id>
<nonce_str><![CDATA[nkb0c6mf9ug1suvcn4j91gw77okq3bls]]></nonce_str>
<openid><![CDATA[ojM_VwwpqE829ukOz5dddN6ATezo]]></openid>
<out_trade_no><![CDATA[CH2018040913490148282]]></out_trade_no>
<result_code><![CDATA[SUCCESS]]></result_code>
<return_code><![CDATA[SUCCESS]]></return_code>
<sign><![CDATA[5AAAD80FE5146C3D24A6B380AACF8436]]></sign>
<time_end><![CDATA[20180409134906]]></time_end>
<total_fee>1</total_fee>
<trade_type><![CDATA[APP]]></trade_type>
<transaction_id><![CDATA[4200000079201804095222067424]]></transaction_id>
</xml>


执行日期：2018-04-09-14：59：24
【支付成功】:
<xml><appid><![CDATA[wxa1cc8f61c8be12bd]]></appid>
<bank_type><![CDATA[CFT]]></bank_type>
<cash_fee><![CDATA[1]]></cash_fee>
<fee_type><![CDATA[CNY]]></fee_type>
<is_subscribe><![CDATA[N]]></is_subscribe>
<mch_id><![CDATA[1421370402]]></mch_id>
<nonce_str><![CDATA[07sn162y783cxe9j5csryenm4n3q9hhz]]></nonce_str>
<openid><![CDATA[ojM_VwwpqE829ukOz5dddN6ATezo]]></openid>
<out_trade_no><![CDATA[EN2018040913551187232]]></out_trade_no>
<result_code><![CDATA[SUCCESS]]></result_code>
<return_code><![CDATA[SUCCESS]]></return_code>
<sign><![CDATA[719FAAEB1C8D6A780A7665DE7C99830F]]></sign>
<time_end><![CDATA[20180409135520]]></time_end>
<total_fee>1</total_fee>
<trade_type><![CDATA[APP]]></trade_type>
<transaction_id><![CDATA[4200000060201804095196681202]]></transaction_id>
</xml>


执行日期：2018-04-09-15：05：33
alipay_callback--type2

执行日期：2018-04-09-15：07：45
alipay_callback--type1

执行日期：2018-04-09-15：09：49
alipay_callback--type1

执行日期：2018-04-09-15：10：19
alipay_callback--type1

执行日期：2018-04-09-15：10：21
alipay_callback--type2

执行日期：2018-04-09-15：15：43
alipay_callback--type2

执行日期：2018-04-09-15：18：11
alipay_callback--type3

执行日期：2018-04-09-15：21：39
【支付成功】:
<xml><appid><![CDATA[wxa1cc8f61c8be12bd]]></appid>
<bank_type><![CDATA[CFT]]></bank_type>
<cash_fee><![CDATA[1]]></cash_fee>
<fee_type><![CDATA[CNY]]></fee_type>
<is_subscribe><![CDATA[N]]></is_subscribe>
<mch_id><![CDATA[1421370402]]></mch_id>
<nonce_str><![CDATA[4mxgqsilkv922f5kixtemsz28j37zgk7]]></nonce_str>
<openid><![CDATA[ojM_VwwpqE829ukOz5dddN6ATezo]]></openid>
<out_trade_no><![CDATA[MO2018040913470927056]]></out_trade_no>
<result_code><![CDATA[SUCCESS]]></result_code>
<return_code><![CDATA[SUCCESS]]></return_code>
<sign><![CDATA[AD7CBC48F9B631AE199FDDBE577A5879]]></sign>
<time_end><![CDATA[20180409134725]]></time_end>
<total_fee>1</total_fee>
<trade_type><![CDATA[APP]]></trade_type>
<transaction_id><![CDATA[4200000063201804095256442049]]></transaction_id>
</xml>


执行日期：2018-04-09-15：22：59
【支付成功】:
<xml><appid><![CDATA[wxa1cc8f61c8be12bd]]></appid>
<bank_type><![CDATA[CFT]]></bank_type>
<cash_fee><![CDATA[1]]></cash_fee>
<fee_type><![CDATA[CNY]]></fee_type>
<is_subscribe><![CDATA[N]]></is_subscribe>
<mch_id><![CDATA[1421370402]]></mch_id>
<nonce_str><![CDATA[tzg44acue3s4fi8163gtb9kgm8e5lvo1]]></nonce_str>
<openid><![CDATA[ojM_VwwpqE829ukOz5dddN6ATezo]]></openid>
<out_trade_no><![CDATA[MO2018040913483943206]]></out_trade_no>
<result_code><![CDATA[SUCCESS]]></result_code>
<return_code><![CDATA[SUCCESS]]></return_code>
<sign><![CDATA[278C334D83336C40F29B57A2F3530623]]></sign>
<time_end><![CDATA[20180409134846]]></time_end>
<total_fee>1</total_fee>
<trade_type><![CDATA[APP]]></trade_type>
<transaction_id><![CDATA[4200000055201804095233503033]]></transaction_id>
</xml>


执行日期：2018-04-09-15：23：12
【支付成功】:
<xml><appid><![CDATA[wxa1cc8f61c8be12bd]]></appid>
<bank_type><![CDATA[CFT]]></bank_type>
<cash_fee><![CDATA[1]]></cash_fee>
<fee_type><![CDATA[CNY]]></fee_type>
<is_subscribe><![CDATA[N]]></is_subscribe>
<mch_id><![CDATA[1421370402]]></mch_id>
<nonce_str><![CDATA[nkb0c6mf9ug1suvcn4j91gw77okq3bls]]></nonce_str>
<openid><![CDATA[ojM_VwwpqE829ukOz5dddN6ATezo]]></openid>
<out_trade_no><![CDATA[CH2018040913490148282]]></out_trade_no>
<result_code><![CDATA[SUCCESS]]></result_code>
<return_code><![CDATA[SUCCESS]]></return_code>
<sign><![CDATA[5AAAD80FE5146C3D24A6B380AACF8436]]></sign>
<time_end><![CDATA[20180409134906]]></time_end>
<total_fee>1</total_fee>
<trade_type><![CDATA[APP]]></trade_type>
<transaction_id><![CDATA[4200000079201804095222067424]]></transaction_id>
</xml>


执行日期：2018-04-09-15：29：27
【支付成功】:
<xml><appid><![CDATA[wxa1cc8f61c8be12bd]]></appid>
<bank_type><![CDATA[CFT]]></bank_type>
<cash_fee><![CDATA[1]]></cash_fee>
<fee_type><![CDATA[CNY]]></fee_type>
<is_subscribe><![CDATA[N]]></is_subscribe>
<mch_id><![CDATA[1421370402]]></mch_id>
<nonce_str><![CDATA[07sn162y783cxe9j5csryenm4n3q9hhz]]></nonce_str>
<openid><![CDATA[ojM_VwwpqE829ukOz5dddN6ATezo]]></openid>
<out_trade_no><![CDATA[EN2018040913551187232]]></out_trade_no>
<result_code><![CDATA[SUCCESS]]></result_code>
<return_code><![CDATA[SUCCESS]]></return_code>
<sign><![CDATA[719FAAEB1C8D6A780A7665DE7C99830F]]></sign>
<time_end><![CDATA[20180409135520]]></time_end>
<total_fee>1</total_fee>
<trade_type><![CDATA[APP]]></trade_type>
<transaction_id><![CDATA[4200000060201804095196681202]]></transaction_id>
</xml>


执行日期：2018-04-09-15：48：35
alipay_callback--type1

执行日期：2018-04-09-15：49：37
alipay_callback--type1

执行日期：2018-04-09-15：51：29
alipay_callback--type1

执行日期：2018-04-09-15：51：40
【支付成功】:
<xml><appid><![CDATA[wxa1cc8f61c8be12bd]]></appid>
<bank_type><![CDATA[CFT]]></bank_type>
<cash_fee><![CDATA[1]]></cash_fee>
<fee_type><![CDATA[CNY]]></fee_type>
<is_subscribe><![CDATA[N]]></is_subscribe>
<mch_id><![CDATA[1421370402]]></mch_id>
<nonce_str><![CDATA[4mxgqsilkv922f5kixtemsz28j37zgk7]]></nonce_str>
<openid><![CDATA[ojM_VwwpqE829ukOz5dddN6ATezo]]></openid>
<out_trade_no><![CDATA[MO2018040913470927056]]></out_trade_no>
<result_code><![CDATA[SUCCESS]]></result_code>
<return_code><![CDATA[SUCCESS]]></return_code>
<sign><![CDATA[AD7CBC48F9B631AE199FDDBE577A5879]]></sign>
<time_end><![CDATA[20180409134725]]></time_end>
<total_fee>1</total_fee>
<trade_type><![CDATA[APP]]></trade_type>
<transaction_id><![CDATA[4200000063201804095256442049]]></transaction_id>
</xml>


执行日期：2018-04-09-15：53：00
【支付成功】:
<xml><appid><![CDATA[wxa1cc8f61c8be12bd]]></appid>
<bank_type><![CDATA[CFT]]></bank_type>
<cash_fee><![CDATA[1]]></cash_fee>
<fee_type><![CDATA[CNY]]></fee_type>
<is_subscribe><![CDATA[N]]></is_subscribe>
<mch_id><![CDATA[1421370402]]></mch_id>
<nonce_str><![CDATA[tzg44acue3s4fi8163gtb9kgm8e5lvo1]]></nonce_str>
<openid><![CDATA[ojM_VwwpqE829ukOz5dddN6ATezo]]></openid>
<out_trade_no><![CDATA[MO2018040913483943206]]></out_trade_no>
<result_code><![CDATA[SUCCESS]]></result_code>
<return_code><![CDATA[SUCCESS]]></return_code>
<sign><![CDATA[278C334D83336C40F29B57A2F3530623]]></sign>
<time_end><![CDATA[20180409134846]]></time_end>
<total_fee>1</total_fee>
<trade_type><![CDATA[APP]]></trade_type>
<transaction_id><![CDATA[4200000055201804095233503033]]></transaction_id>
</xml>


执行日期：2018-04-09-15：53：14
【支付成功】:
<xml><appid><![CDATA[wxa1cc8f61c8be12bd]]></appid>
<bank_type><![CDATA[CFT]]></bank_type>
<cash_fee><![CDATA[1]]></cash_fee>
<fee_type><![CDATA[CNY]]></fee_type>
<is_subscribe><![CDATA[N]]></is_subscribe>
<mch_id><![CDATA[1421370402]]></mch_id>
<nonce_str><![CDATA[nkb0c6mf9ug1suvcn4j91gw77okq3bls]]></nonce_str>
<openid><![CDATA[ojM_VwwpqE829ukOz5dddN6ATezo]]></openid>
<out_trade_no><![CDATA[CH2018040913490148282]]></out_trade_no>
<result_code><![CDATA[SUCCESS]]></result_code>
<return_code><![CDATA[SUCCESS]]></return_code>
<sign><![CDATA[5AAAD80FE5146C3D24A6B380AACF8436]]></sign>
<time_end><![CDATA[20180409134906]]></time_end>
<total_fee>1</total_fee>
<trade_type><![CDATA[APP]]></trade_type>
<transaction_id><![CDATA[4200000079201804095222067424]]></transaction_id>
</xml>


执行日期：2018-04-09-15：59：29
【支付成功】:
<xml><appid><![CDATA[wxa1cc8f61c8be12bd]]></appid>
<bank_type><![CDATA[CFT]]></bank_type>
<cash_fee><![CDATA[1]]></cash_fee>
<fee_type><![CDATA[CNY]]></fee_type>
<is_subscribe><![CDATA[N]]></is_subscribe>
<mch_id><![CDATA[1421370402]]></mch_id>
<nonce_str><![CDATA[07sn162y783cxe9j5csryenm4n3q9hhz]]></nonce_str>
<openid><![CDATA[ojM_VwwpqE829ukOz5dddN6ATezo]]></openid>
<out_trade_no><![CDATA[EN2018040913551187232]]></out_trade_no>
<result_code><![CDATA[SUCCESS]]></result_code>
<return_code><![CDATA[SUCCESS]]></return_code>
<sign><![CDATA[719FAAEB1C8D6A780A7665DE7C99830F]]></sign>
<time_end><![CDATA[20180409135520]]></time_end>
<total_fee>1</total_fee>
<trade_type><![CDATA[APP]]></trade_type>
<transaction_id><![CDATA[4200000060201804095196681202]]></transaction_id>
</xml>


执行日期：2018-04-09-16：51：42
【支付成功】:
<xml><appid><![CDATA[wxa1cc8f61c8be12bd]]></appid>
<bank_type><![CDATA[CFT]]></bank_type>
<cash_fee><![CDATA[1]]></cash_fee>
<fee_type><![CDATA[CNY]]></fee_type>
<is_subscribe><![CDATA[N]]></is_subscribe>
<mch_id><![CDATA[1421370402]]></mch_id>
<nonce_str><![CDATA[4mxgqsilkv922f5kixtemsz28j37zgk7]]></nonce_str>
<openid><![CDATA[ojM_VwwpqE829ukOz5dddN6ATezo]]></openid>
<out_trade_no><![CDATA[MO2018040913470927056]]></out_trade_no>
<result_code><![CDATA[SUCCESS]]></result_code>
<return_code><![CDATA[SUCCESS]]></return_code>
<sign><![CDATA[AD7CBC48F9B631AE199FDDBE577A5879]]></sign>
<time_end><![CDATA[20180409134725]]></time_end>
<total_fee>1</total_fee>
<trade_type><![CDATA[APP]]></trade_type>
<transaction_id><![CDATA[4200000063201804095256442049]]></transaction_id>
</xml>


执行日期：2018-04-09-16：53：01
【支付成功】:
<xml><appid><![CDATA[wxa1cc8f61c8be12bd]]></appid>
<bank_type><![CDATA[CFT]]></bank_type>
<cash_fee><![CDATA[1]]></cash_fee>
<fee_type><![CDATA[CNY]]></fee_type>
<is_subscribe><![CDATA[N]]></is_subscribe>
<mch_id><![CDATA[1421370402]]></mch_id>
<nonce_str><![CDATA[tzg44acue3s4fi8163gtb9kgm8e5lvo1]]></nonce_str>
<openid><![CDATA[ojM_VwwpqE829ukOz5dddN6ATezo]]></openid>
<out_trade_no><![CDATA[MO2018040913483943206]]></out_trade_no>
<result_code><![CDATA[SUCCESS]]></result_code>
<return_code><![CDATA[SUCCESS]]></return_code>
<sign><![CDATA[278C334D83336C40F29B57A2F3530623]]></sign>
<time_end><![CDATA[20180409134846]]></time_end>
<total_fee>1</total_fee>
<trade_type><![CDATA[APP]]></trade_type>
<transaction_id><![CDATA[4200000055201804095233503033]]></transaction_id>
</xml>


执行日期：2018-04-09-16：53：18
【支付成功】:
<xml><appid><![CDATA[wxa1cc8f61c8be12bd]]></appid>
<bank_type><![CDATA[CFT]]></bank_type>
<cash_fee><![CDATA[1]]></cash_fee>
<fee_type><![CDATA[CNY]]></fee_type>
<is_subscribe><![CDATA[N]]></is_subscribe>
<mch_id><![CDATA[1421370402]]></mch_id>
<nonce_str><![CDATA[nkb0c6mf9ug1suvcn4j91gw77okq3bls]]></nonce_str>
<openid><![CDATA[ojM_VwwpqE829ukOz5dddN6ATezo]]></openid>
<out_trade_no><![CDATA[CH2018040913490148282]]></out_trade_no>
<result_code><![CDATA[SUCCESS]]></result_code>
<return_code><![CDATA[SUCCESS]]></return_code>
<sign><![CDATA[5AAAD80FE5146C3D24A6B380AACF8436]]></sign>
<time_end><![CDATA[20180409134906]]></time_end>
<total_fee>1</total_fee>
<trade_type><![CDATA[APP]]></trade_type>
<transaction_id><![CDATA[4200000079201804095222067424]]></transaction_id>
</xml>


执行日期：2018-04-09-16：59：31
【支付成功】:
<xml><appid><![CDATA[wxa1cc8f61c8be12bd]]></appid>
<bank_type><![CDATA[CFT]]></bank_type>
<cash_fee><![CDATA[1]]></cash_fee>
<fee_type><![CDATA[CNY]]></fee_type>
<is_subscribe><![CDATA[N]]></is_subscribe>
<mch_id><![CDATA[1421370402]]></mch_id>
<nonce_str><![CDATA[07sn162y783cxe9j5csryenm4n3q9hhz]]></nonce_str>
<openid><![CDATA[ojM_VwwpqE829ukOz5dddN6ATezo]]></openid>
<out_trade_no><![CDATA[EN2018040913551187232]]></out_trade_no>
<result_code><![CDATA[SUCCESS]]></result_code>
<return_code><![CDATA[SUCCESS]]></return_code>
<sign><![CDATA[719FAAEB1C8D6A780A7665DE7C99830F]]></sign>
<time_end><![CDATA[20180409135520]]></time_end>
<total_fee>1</total_fee>
<trade_type><![CDATA[APP]]></trade_type>
<transaction_id><![CDATA[4200000060201804095196681202]]></transaction_id>
</xml>


执行日期：2018-04-09-17：07：22
alipay_callback--type1

执行日期：2018-04-09-17：09：28
alipay_callback--type1

执行日期：2018-04-09-17：10：39
alipay_callback--type1

执行日期：2018-04-09-17：18：02
alipay_callback--type3

执行日期：2018-04-09-19：03：25
alipay_callback--type2

执行日期：2018-04-09-19：04：09
alipay_callback--type2

执行日期：2018-04-09-23：07：39
alipay_callback--type1

执行日期：2018-04-09-23：09：43
alipay_callback--type1

执行日期：2018-04-09-23：10：18
alipay_callback--type1

执行日期：2018-04-09-23：18：36
alipay_callback--type3

执行日期：2018-04-10-10：03：23
alipay_callback--type2

执行日期：2018-04-10-10：04：30
alipay_callback--type2

执行日期：2018-04-10-14：07：00
alipay_callback--type1

执行日期：2018-04-10-14：09：39
alipay_callback--type1

执行日期：2018-04-10-14：10：49
alipay_callback--type1

执行日期：2018-04-10-14：18：48
alipay_callback--type3

执行日期：2018-04-14-11：45：02
alipay_callback--type1

执行日期：2018-04-14-11：46：14
alipay_callback--type1

执行日期：2018-04-14-11：49：01
alipay_callback--type1

执行日期：2018-04-14-11：50：30
alipay_callback--type1

执行日期：2018-04-14-11：59：01
alipay_callback--type1

执行日期：2018-04-14-12：00：48
alipay_callback--type1

执行日期：2018-04-14-12：09：01
alipay_callback--type1

执行日期：2018-04-14-12：10：14
alipay_callback--type1

执行日期：2018-04-14-12：14：24
alipay_callback--type1

执行日期：2018-04-14-12：18：42
alipay_callback--type1

执行日期：2018-04-14-12：28：06
alipay_callback--type1

执行日期：2018-04-14-12：38：37
alipay_callback--type1

执行日期：2018-04-14-13：09：14
alipay_callback--type1

执行日期：2018-04-14-13：10：34
alipay_callback--type1

执行日期：2018-04-14-13：38：11
alipay_callback--type1

执行日期：2018-04-14-15：09：31
alipay_callback--type1

执行日期：2018-04-14-15：10：32
alipay_callback--type1

执行日期：2018-04-14-15：38：07
alipay_callback--type1

执行日期：2018-04-14-21：09：30
alipay_callback--type1

执行日期：2018-04-14-21：10：42
alipay_callback--type1

执行日期：2018-04-14-21：38：17
alipay_callback--type1

执行日期：2018-04-15-12：09：34
alipay_callback--type1

执行日期：2018-04-15-12：10：23
alipay_callback--type1

执行日期：2018-04-15-12：38：02
alipay_callback--type1

执行日期：2018-04-19-12：36：44
alipay_callback--type1

执行日期：2018-04-19-12：40：48
alipay_callback--type1

执行日期：2018-04-19-12：50：10
alipay_callback--type1

执行日期：2018-04-19-13：00：21
alipay_callback--type1

执行日期：2018-04-19-14：00：01
alipay_callback--type1

执行日期：2018-04-19-16：00：13
alipay_callback--type1

执行日期：2018-04-19-22：00：41
alipay_callback--type1

执行日期：2018-04-20-13：00：42
alipay_callback--type1

执行日期：2018-04-23-14：26：25
【支付成功】:
<xml><appid><![CDATA[wxa1cc8f61c8be12bd]]></appid>
<bank_type><![CDATA[CFT]]></bank_type>
<cash_fee><![CDATA[1]]></cash_fee>
<fee_type><![CDATA[CNY]]></fee_type>
<is_subscribe><![CDATA[N]]></is_subscribe>
<mch_id><![CDATA[1421370402]]></mch_id>
<nonce_str><![CDATA[nct4pfqhdoxfdmgjti7tcif5t14o5l1e]]></nonce_str>
<openid><![CDATA[ojM_VwwpqE829ukOz5dddN6ATezo]]></openid>
<out_trade_no><![CDATA[EN2018042314261375877]]></out_trade_no>
<result_code><![CDATA[SUCCESS]]></result_code>
<return_code><![CDATA[SUCCESS]]></return_code>
<sign><![CDATA[D4FF7AACA0C1272756AB3FDA354DD604]]></sign>
<time_end><![CDATA[20180423142624]]></time_end>
<total_fee>1</total_fee>
<trade_type><![CDATA[APP]]></trade_type>
<transaction_id><![CDATA[4200000075201804234593557120]]></transaction_id>
</xml>


执行日期：2018-04-23-14：26：40
【支付成功】:
<xml><appid><![CDATA[wxa1cc8f61c8be12bd]]></appid>
<bank_type><![CDATA[CFT]]></bank_type>
<cash_fee><![CDATA[1]]></cash_fee>
<fee_type><![CDATA[CNY]]></fee_type>
<is_subscribe><![CDATA[N]]></is_subscribe>
<mch_id><![CDATA[1421370402]]></mch_id>
<nonce_str><![CDATA[nct4pfqhdoxfdmgjti7tcif5t14o5l1e]]></nonce_str>
<openid><![CDATA[ojM_VwwpqE829ukOz5dddN6ATezo]]></openid>
<out_trade_no><![CDATA[EN2018042314261375877]]></out_trade_no>
<result_code><![CDATA[SUCCESS]]></result_code>
<return_code><![CDATA[SUCCESS]]></return_code>
<sign><![CDATA[D4FF7AACA0C1272756AB3FDA354DD604]]></sign>
<time_end><![CDATA[20180423142624]]></time_end>
<total_fee>1</total_fee>
<trade_type><![CDATA[APP]]></trade_type>
<transaction_id><![CDATA[4200000075201804234593557120]]></transaction_id>
</xml>


执行日期：2018-04-23-14：26：58
【支付成功】:
<xml><appid><![CDATA[wxa1cc8f61c8be12bd]]></appid>
<bank_type><![CDATA[CFT]]></bank_type>
<cash_fee><![CDATA[1]]></cash_fee>
<fee_type><![CDATA[CNY]]></fee_type>
<is_subscribe><![CDATA[N]]></is_subscribe>
<mch_id><![CDATA[1421370402]]></mch_id>
<nonce_str><![CDATA[nct4pfqhdoxfdmgjti7tcif5t14o5l1e]]></nonce_str>
<openid><![CDATA[ojM_VwwpqE829ukOz5dddN6ATezo]]></openid>
<out_trade_no><![CDATA[EN2018042314261375877]]></out_trade_no>
<result_code><![CDATA[SUCCESS]]></result_code>
<return_code><![CDATA[SUCCESS]]></return_code>
<sign><![CDATA[D4FF7AACA0C1272756AB3FDA354DD604]]></sign>
<time_end><![CDATA[20180423142624]]></time_end>
<total_fee>1</total_fee>
<trade_type><![CDATA[APP]]></trade_type>
<transaction_id><![CDATA[4200000075201804234593557120]]></transaction_id>
</xml>


执行日期：2018-04-23-14：27：29
【支付成功】:
<xml><appid><![CDATA[wxa1cc8f61c8be12bd]]></appid>
<bank_type><![CDATA[CFT]]></bank_type>
<cash_fee><![CDATA[1]]></cash_fee>
<fee_type><![CDATA[CNY]]></fee_type>
<is_subscribe><![CDATA[N]]></is_subscribe>
<mch_id><![CDATA[1421370402]]></mch_id>
<nonce_str><![CDATA[nct4pfqhdoxfdmgjti7tcif5t14o5l1e]]></nonce_str>
<openid><![CDATA[ojM_VwwpqE829ukOz5dddN6ATezo]]></openid>
<out_trade_no><![CDATA[EN2018042314261375877]]></out_trade_no>
<result_code><![CDATA[SUCCESS]]></result_code>
<return_code><![CDATA[SUCCESS]]></return_code>
<sign><![CDATA[D4FF7AACA0C1272756AB3FDA354DD604]]></sign>
<time_end><![CDATA[20180423142624]]></time_end>
<total_fee>1</total_fee>
<trade_type><![CDATA[APP]]></trade_type>
<transaction_id><![CDATA[4200000075201804234593557120]]></transaction_id>
</xml>


执行日期：2018-04-23-14：30：31
【支付成功】:
<xml><appid><![CDATA[wxa1cc8f61c8be12bd]]></appid>
<bank_type><![CDATA[CFT]]></bank_type>
<cash_fee><![CDATA[1]]></cash_fee>
<fee_type><![CDATA[CNY]]></fee_type>
<is_subscribe><![CDATA[N]]></is_subscribe>
<mch_id><![CDATA[1421370402]]></mch_id>
<nonce_str><![CDATA[nct4pfqhdoxfdmgjti7tcif5t14o5l1e]]></nonce_str>
<openid><![CDATA[ojM_VwwpqE829ukOz5dddN6ATezo]]></openid>
<out_trade_no><![CDATA[EN2018042314261375877]]></out_trade_no>
<result_code><![CDATA[SUCCESS]]></result_code>
<return_code><![CDATA[SUCCESS]]></return_code>
<sign><![CDATA[D4FF7AACA0C1272756AB3FDA354DD604]]></sign>
<time_end><![CDATA[20180423142624]]></time_end>
<total_fee>1</total_fee>
<trade_type><![CDATA[APP]]></trade_type>
<transaction_id><![CDATA[4200000075201804234593557120]]></transaction_id>
</xml>


执行日期：2018-04-23-15：00：33
【支付成功】:
<xml><appid><![CDATA[wxa1cc8f61c8be12bd]]></appid>
<bank_type><![CDATA[CFT]]></bank_type>
<cash_fee><![CDATA[1]]></cash_fee>
<fee_type><![CDATA[CNY]]></fee_type>
<is_subscribe><![CDATA[N]]></is_subscribe>
<mch_id><![CDATA[1421370402]]></mch_id>
<nonce_str><![CDATA[nct4pfqhdoxfdmgjti7tcif5t14o5l1e]]></nonce_str>
<openid><![CDATA[ojM_VwwpqE829ukOz5dddN6ATezo]]></openid>
<out_trade_no><![CDATA[EN2018042314261375877]]></out_trade_no>
<result_code><![CDATA[SUCCESS]]></result_code>
<return_code><![CDATA[SUCCESS]]></return_code>
<sign><![CDATA[D4FF7AACA0C1272756AB3FDA354DD604]]></sign>
<time_end><![CDATA[20180423142624]]></time_end>
<total_fee>1</total_fee>
<trade_type><![CDATA[APP]]></trade_type>
<transaction_id><![CDATA[4200000075201804234593557120]]></transaction_id>
</xml>


执行日期：2018-04-23-15：30：35
【支付成功】:
<xml><appid><![CDATA[wxa1cc8f61c8be12bd]]></appid>
<bank_type><![CDATA[CFT]]></bank_type>
<cash_fee><![CDATA[1]]></cash_fee>
<fee_type><![CDATA[CNY]]></fee_type>
<is_subscribe><![CDATA[N]]></is_subscribe>
<mch_id><![CDATA[1421370402]]></mch_id>
<nonce_str><![CDATA[nct4pfqhdoxfdmgjti7tcif5t14o5l1e]]></nonce_str>
<openid><![CDATA[ojM_VwwpqE829ukOz5dddN6ATezo]]></openid>
<out_trade_no><![CDATA[EN2018042314261375877]]></out_trade_no>
<result_code><![CDATA[SUCCESS]]></result_code>
<return_code><![CDATA[SUCCESS]]></return_code>
<sign><![CDATA[D4FF7AACA0C1272756AB3FDA354DD604]]></sign>
<time_end><![CDATA[20180423142624]]></time_end>
<total_fee>1</total_fee>
<trade_type><![CDATA[APP]]></trade_type>
<transaction_id><![CDATA[4200000075201804234593557120]]></transaction_id>
</xml>


执行日期：2018-04-23-16：00：37
【支付成功】:
<xml><appid><![CDATA[wxa1cc8f61c8be12bd]]></appid>
<bank_type><![CDATA[CFT]]></bank_type>
<cash_fee><![CDATA[1]]></cash_fee>
<fee_type><![CDATA[CNY]]></fee_type>
<is_subscribe><![CDATA[N]]></is_subscribe>
<mch_id><![CDATA[1421370402]]></mch_id>
<nonce_str><![CDATA[nct4pfqhdoxfdmgjti7tcif5t14o5l1e]]></nonce_str>
<openid><![CDATA[ojM_VwwpqE829ukOz5dddN6ATezo]]></openid>
<out_trade_no><![CDATA[EN2018042314261375877]]></out_trade_no>
<result_code><![CDATA[SUCCESS]]></result_code>
<return_code><![CDATA[SUCCESS]]></return_code>
<sign><![CDATA[D4FF7AACA0C1272756AB3FDA354DD604]]></sign>
<time_end><![CDATA[20180423142624]]></time_end>
<total_fee>1</total_fee>
<trade_type><![CDATA[APP]]></trade_type>
<transaction_id><![CDATA[4200000075201804234593557120]]></transaction_id>
</xml>


执行日期：2018-04-23-16：30：39
【支付成功】:
<xml><appid><![CDATA[wxa1cc8f61c8be12bd]]></appid>
<bank_type><![CDATA[CFT]]></bank_type>
<cash_fee><![CDATA[1]]></cash_fee>
<fee_type><![CDATA[CNY]]></fee_type>
<is_subscribe><![CDATA[N]]></is_subscribe>
<mch_id><![CDATA[1421370402]]></mch_id>
<nonce_str><![CDATA[nct4pfqhdoxfdmgjti7tcif5t14o5l1e]]></nonce_str>
<openid><![CDATA[ojM_VwwpqE829ukOz5dddN6ATezo]]></openid>
<out_trade_no><![CDATA[EN2018042314261375877]]></out_trade_no>
<result_code><![CDATA[SUCCESS]]></result_code>
<return_code><![CDATA[SUCCESS]]></return_code>
<sign><![CDATA[D4FF7AACA0C1272756AB3FDA354DD604]]></sign>
<time_end><![CDATA[20180423142624]]></time_end>
<total_fee>1</total_fee>
<trade_type><![CDATA[APP]]></trade_type>
<transaction_id><![CDATA[4200000075201804234593557120]]></transaction_id>
</xml>


执行日期：2018-04-23-17：30：42
【支付成功】:
<xml><appid><![CDATA[wxa1cc8f61c8be12bd]]></appid>
<bank_type><![CDATA[CFT]]></bank_type>
<cash_fee><![CDATA[1]]></cash_fee>
<fee_type><![CDATA[CNY]]></fee_type>
<is_subscribe><![CDATA[N]]></is_subscribe>
<mch_id><![CDATA[1421370402]]></mch_id>
<nonce_str><![CDATA[nct4pfqhdoxfdmgjti7tcif5t14o5l1e]]></nonce_str>
<openid><![CDATA[ojM_VwwpqE829ukOz5dddN6ATezo]]></openid>
<out_trade_no><![CDATA[EN2018042314261375877]]></out_trade_no>
<result_code><![CDATA[SUCCESS]]></result_code>
<return_code><![CDATA[SUCCESS]]></return_code>
<sign><![CDATA[D4FF7AACA0C1272756AB3FDA354DD604]]></sign>
<time_end><![CDATA[20180423142624]]></time_end>
<total_fee>1</total_fee>
<trade_type><![CDATA[APP]]></trade_type>
<transaction_id><![CDATA[4200000075201804234593557120]]></transaction_id>
</xml>


执行日期：2018-04-28-10：57：24
【支付成功】:
<xml><appid><![CDATA[wxa1cc8f61c8be12bd]]></appid>
<bank_type><![CDATA[CFT]]></bank_type>
<cash_fee><![CDATA[100]]></cash_fee>
<fee_type><![CDATA[CNY]]></fee_type>
<is_subscribe><![CDATA[N]]></is_subscribe>
<mch_id><![CDATA[1421370402]]></mch_id>
<nonce_str><![CDATA[hatu30vwkeryr37m90k19k0zf7vuwq2r]]></nonce_str>
<openid><![CDATA[ojM_Vw2-DDBPpEakravAs4oMCcf4]]></openid>
<out_trade_no><![CDATA[MO2018042810570926467]]></out_trade_no>
<result_code><![CDATA[SUCCESS]]></result_code>
<return_code><![CDATA[SUCCESS]]></return_code>
<sign><![CDATA[9A2726E2B1765FFD526574144D5725E3]]></sign>
<time_end><![CDATA[20180428105723]]></time_end>
<total_fee>100</total_fee>
<trade_type><![CDATA[APP]]></trade_type>
<transaction_id><![CDATA[4200000113201804287259040317]]></transaction_id>
</xml>


执行日期：2018-04-28-10：57：38
【支付成功】:
<xml><appid><![CDATA[wxa1cc8f61c8be12bd]]></appid>
<bank_type><![CDATA[CFT]]></bank_type>
<cash_fee><![CDATA[100]]></cash_fee>
<fee_type><![CDATA[CNY]]></fee_type>
<is_subscribe><![CDATA[N]]></is_subscribe>
<mch_id><![CDATA[1421370402]]></mch_id>
<nonce_str><![CDATA[hatu30vwkeryr37m90k19k0zf7vuwq2r]]></nonce_str>
<openid><![CDATA[ojM_Vw2-DDBPpEakravAs4oMCcf4]]></openid>
<out_trade_no><![CDATA[MO2018042810570926467]]></out_trade_no>
<result_code><![CDATA[SUCCESS]]></result_code>
<return_code><![CDATA[SUCCESS]]></return_code>
<sign><![CDATA[9A2726E2B1765FFD526574144D5725E3]]></sign>
<time_end><![CDATA[20180428105723]]></time_end>
<total_fee>100</total_fee>
<trade_type><![CDATA[APP]]></trade_type>
<transaction_id><![CDATA[4200000113201804287259040317]]></transaction_id>
</xml>


执行日期：2018-04-28-10：57：56
【支付成功】:
<xml><appid><![CDATA[wxa1cc8f61c8be12bd]]></appid>
<bank_type><![CDATA[CFT]]></bank_type>
<cash_fee><![CDATA[100]]></cash_fee>
<fee_type><![CDATA[CNY]]></fee_type>
<is_subscribe><![CDATA[N]]></is_subscribe>
<mch_id><![CDATA[1421370402]]></mch_id>
<nonce_str><![CDATA[hatu30vwkeryr37m90k19k0zf7vuwq2r]]></nonce_str>
<openid><![CDATA[ojM_Vw2-DDBPpEakravAs4oMCcf4]]></openid>
<out_trade_no><![CDATA[MO2018042810570926467]]></out_trade_no>
<result_code><![CDATA[SUCCESS]]></result_code>
<return_code><![CDATA[SUCCESS]]></return_code>
<sign><![CDATA[9A2726E2B1765FFD526574144D5725E3]]></sign>
<time_end><![CDATA[20180428105723]]></time_end>
<total_fee>100</total_fee>
<trade_type><![CDATA[APP]]></trade_type>
<transaction_id><![CDATA[4200000113201804287259040317]]></transaction_id>
</xml>


执行日期：2018-04-28-10：58：30
【支付成功】:
<xml><appid><![CDATA[wxa1cc8f61c8be12bd]]></appid>
<bank_type><![CDATA[CFT]]></bank_type>
<cash_fee><![CDATA[100]]></cash_fee>
<fee_type><![CDATA[CNY]]></fee_type>
<is_subscribe><![CDATA[N]]></is_subscribe>
<mch_id><![CDATA[1421370402]]></mch_id>
<nonce_str><![CDATA[hatu30vwkeryr37m90k19k0zf7vuwq2r]]></nonce_str>
<openid><![CDATA[ojM_Vw2-DDBPpEakravAs4oMCcf4]]></openid>
<out_trade_no><![CDATA[MO2018042810570926467]]></out_trade_no>
<result_code><![CDATA[SUCCESS]]></result_code>
<return_code><![CDATA[SUCCESS]]></return_code>
<sign><![CDATA[9A2726E2B1765FFD526574144D5725E3]]></sign>
<time_end><![CDATA[20180428105723]]></time_end>
<total_fee>100</total_fee>
<trade_type><![CDATA[APP]]></trade_type>
<transaction_id><![CDATA[4200000113201804287259040317]]></transaction_id>
</xml>


执行日期：2018-04-28-11：01：31
【支付成功】:
<xml><appid><![CDATA[wxa1cc8f61c8be12bd]]></appid>
<bank_type><![CDATA[CFT]]></bank_type>
<cash_fee><![CDATA[100]]></cash_fee>
<fee_type><![CDATA[CNY]]></fee_type>
<is_subscribe><![CDATA[N]]></is_subscribe>
<mch_id><![CDATA[1421370402]]></mch_id>
<nonce_str><![CDATA[hatu30vwkeryr37m90k19k0zf7vuwq2r]]></nonce_str>
<openid><![CDATA[ojM_Vw2-DDBPpEakravAs4oMCcf4]]></openid>
<out_trade_no><![CDATA[MO2018042810570926467]]></out_trade_no>
<result_code><![CDATA[SUCCESS]]></result_code>
<return_code><![CDATA[SUCCESS]]></return_code>
<sign><![CDATA[9A2726E2B1765FFD526574144D5725E3]]></sign>
<time_end><![CDATA[20180428105723]]></time_end>
<total_fee>100</total_fee>
<trade_type><![CDATA[APP]]></trade_type>
<transaction_id><![CDATA[4200000113201804287259040317]]></transaction_id>
</xml>


执行日期：2018-04-28-11：31：34
【支付成功】:
<xml><appid><![CDATA[wxa1cc8f61c8be12bd]]></appid>
<bank_type><![CDATA[CFT]]></bank_type>
<cash_fee><![CDATA[100]]></cash_fee>
<fee_type><![CDATA[CNY]]></fee_type>
<is_subscribe><![CDATA[N]]></is_subscribe>
<mch_id><![CDATA[1421370402]]></mch_id>
<nonce_str><![CDATA[hatu30vwkeryr37m90k19k0zf7vuwq2r]]></nonce_str>
<openid><![CDATA[ojM_Vw2-DDBPpEakravAs4oMCcf4]]></openid>
<out_trade_no><![CDATA[MO2018042810570926467]]></out_trade_no>
<result_code><![CDATA[SUCCESS]]></result_code>
<return_code><![CDATA[SUCCESS]]></return_code>
<sign><![CDATA[9A2726E2B1765FFD526574144D5725E3]]></sign>
<time_end><![CDATA[20180428105723]]></time_end>
<total_fee>100</total_fee>
<trade_type><![CDATA[APP]]></trade_type>
<transaction_id><![CDATA[4200000113201804287259040317]]></transaction_id>
</xml>


执行日期：2018-04-28-12：01：35
【支付成功】:
<xml><appid><![CDATA[wxa1cc8f61c8be12bd]]></appid>
<bank_type><![CDATA[CFT]]></bank_type>
<cash_fee><![CDATA[100]]></cash_fee>
<fee_type><![CDATA[CNY]]></fee_type>
<is_subscribe><![CDATA[N]]></is_subscribe>
<mch_id><![CDATA[1421370402]]></mch_id>
<nonce_str><![CDATA[hatu30vwkeryr37m90k19k0zf7vuwq2r]]></nonce_str>
<openid><![CDATA[ojM_Vw2-DDBPpEakravAs4oMCcf4]]></openid>
<out_trade_no><![CDATA[MO2018042810570926467]]></out_trade_no>
<result_code><![CDATA[SUCCESS]]></result_code>
<return_code><![CDATA[SUCCESS]]></return_code>
<sign><![CDATA[9A2726E2B1765FFD526574144D5725E3]]></sign>
<time_end><![CDATA[20180428105723]]></time_end>
<total_fee>100</total_fee>
<trade_type><![CDATA[APP]]></trade_type>
<transaction_id><![CDATA[4200000113201804287259040317]]></transaction_id>
</xml>


执行日期：2018-04-28-12：31：37
【支付成功】:
<xml><appid><![CDATA[wxa1cc8f61c8be12bd]]></appid>
<bank_type><![CDATA[CFT]]></bank_type>
<cash_fee><![CDATA[100]]></cash_fee>
<fee_type><![CDATA[CNY]]></fee_type>
<is_subscribe><![CDATA[N]]></is_subscribe>
<mch_id><![CDATA[1421370402]]></mch_id>
<nonce_str><![CDATA[hatu30vwkeryr37m90k19k0zf7vuwq2r]]></nonce_str>
<openid><![CDATA[ojM_Vw2-DDBPpEakravAs4oMCcf4]]></openid>
<out_trade_no><![CDATA[MO2018042810570926467]]></out_trade_no>
<result_code><![CDATA[SUCCESS]]></result_code>
<return_code><![CDATA[SUCCESS]]></return_code>
<sign><![CDATA[9A2726E2B1765FFD526574144D5725E3]]></sign>
<time_end><![CDATA[20180428105723]]></time_end>
<total_fee>100</total_fee>
<trade_type><![CDATA[APP]]></trade_type>
<transaction_id><![CDATA[4200000113201804287259040317]]></transaction_id>
</xml>


执行日期：2018-04-28-13：01：39
【支付成功】:
<xml><appid><![CDATA[wxa1cc8f61c8be12bd]]></appid>
<bank_type><![CDATA[CFT]]></bank_type>
<cash_fee><![CDATA[100]]></cash_fee>
<fee_type><![CDATA[CNY]]></fee_type>
<is_subscribe><![CDATA[N]]></is_subscribe>
<mch_id><![CDATA[1421370402]]></mch_id>
<nonce_str><![CDATA[hatu30vwkeryr37m90k19k0zf7vuwq2r]]></nonce_str>
<openid><![CDATA[ojM_Vw2-DDBPpEakravAs4oMCcf4]]></openid>
<out_trade_no><![CDATA[MO2018042810570926467]]></out_trade_no>
<result_code><![CDATA[SUCCESS]]></result_code>
<return_code><![CDATA[SUCCESS]]></return_code>
<sign><![CDATA[9A2726E2B1765FFD526574144D5725E3]]></sign>
<time_end><![CDATA[20180428105723]]></time_end>
<total_fee>100</total_fee>
<trade_type><![CDATA[APP]]></trade_type>
<transaction_id><![CDATA[4200000113201804287259040317]]></transaction_id>
</xml>


执行日期：2018-04-28-14：01：42
【支付成功】:
<xml><appid><![CDATA[wxa1cc8f61c8be12bd]]></appid>
<bank_type><![CDATA[CFT]]></bank_type>
<cash_fee><![CDATA[100]]></cash_fee>
<fee_type><![CDATA[CNY]]></fee_type>
<is_subscribe><![CDATA[N]]></is_subscribe>
<mch_id><![CDATA[1421370402]]></mch_id>
<nonce_str><![CDATA[hatu30vwkeryr37m90k19k0zf7vuwq2r]]></nonce_str>
<openid><![CDATA[ojM_Vw2-DDBPpEakravAs4oMCcf4]]></openid>
<out_trade_no><![CDATA[MO2018042810570926467]]></out_trade_no>
<result_code><![CDATA[SUCCESS]]></result_code>
<return_code><![CDATA[SUCCESS]]></return_code>
<sign><![CDATA[9A2726E2B1765FFD526574144D5725E3]]></sign>
<time_end><![CDATA[20180428105723]]></time_end>
<total_fee>100</total_fee>
<trade_type><![CDATA[APP]]></trade_type>
<transaction_id><![CDATA[4200000113201804287259040317]]></transaction_id>
</xml>


